<?xml version="1.0" encoding="UTF-8"?>
<testng-results ignored="0" total="1" passed="1" failed="0" skipped="0">
  <reporter-output>
  </reporter-output>
  <suite started-at="2024-11-08T12:10:11 UTC" name="Surefire suite" finished-at="2024-11-08T12:10:11 UTC" duration-ms="29">
    <groups>
    </groups>
    <test started-at="2024-11-08T12:10:11 UTC" name="Surefire test" finished-at="2024-11-08T12:10:11 UTC" duration-ms="29">
      <class name="SampleTest">
        <test-method signature="unitTest()[pri:0, instance:SampleTest@365c30cc]" started-at="2024-11-08T12:10:11 UTC" name="unitTest" finished-at="2024-11-08T12:10:11 UTC" duration-ms="4" status="PASS">
          <reporter-output>
          </reporter-output>
        </test-method> <!-- unitTest -->
      </class> <!-- SampleTest -->
    </test> <!-- Surefire test -->
  </suite> <!-- Surefire suite -->
</testng-results>
